\BOOKMARK [1][-]{section.1}{}{}% 1
\BOOKMARK [1][-]{section.2}{}{}% 2
\BOOKMARK [2][-]{subsection.2.1}{greekenglishMain}{section.2}% 3
\BOOKMARK [2][-]{subsection.2.2}{greekenglishplotLeastSquares greekgreek}{section.2}% 4
\BOOKMARK [2][-]{subsection.2.3}{greekenglishplotLagrange greekgreek}{section.2}% 5
\BOOKMARK [2][-]{subsection.2.4}{greekenglishtransp greekgreek}{section.2}% 6
\BOOKMARK [2][-]{subsection.2.5}{greekenglishLagrange greekgreek}{section.2}% 7
\BOOKMARK [2][-]{subsection.2.6}{greekenglishLeastSquares greekgreek}{section.2}% 8
\BOOKMARK [2][-]{subsection.2.7}{greekenglishperformGaussJordan greekgreek}{section.2}% 9
\BOOKMARK [2][-]{subsection.2.8}{greekenglishmkfun greekgreek}{section.2}% 10
\BOOKMARK [2][-]{subsection.2.9}{greekenglishDayForecast greekgreek}{section.2}% 11
\BOOKMARK [3][-]{subsubsection.2.9.1}{:}{subsection.2.9}% 12
\BOOKMARK [2][-]{subsection.2.10}{greekenglishsolveEydap greekgreek}{section.2}% 13
\BOOKMARK [2][-]{subsection.2.11}{englishenglishsolvekarel englishgreek}{section.2}% 14
\BOOKMARK [2][-]{subsection.2.12}{englishenglishplotForDiffLagrange englishgreek}{section.2}% 15
\BOOKMARK [2][-]{subsection.2.13}{greekenglishplotForDiffLeastSquares greekgreek}{section.2}% 16
\BOOKMARK [2][-]{subsection.2.14}{greekenglishsolveSinWithLeastSquares greekgreek}{section.2}% 17
\BOOKMARK [2][-]{subsection.2.15}{greekenglishsolveSinWithLagrange greekgreek}{section.2}% 18
\BOOKMARK [1][-]{section.3}{ \040 \265}{}% 19
\BOOKMARK [2][-]{subsection.3.1}{ 5}{section.3}% 20
\BOOKMARK [3][-]{subsubsection.3.1.1}{\265 }{subsection.3.1}% 21
\BOOKMARK [3][-]{subsubsection.3.1.2}{ \040}{subsection.3.1}% 22
\BOOKMARK [2][-]{subsection.3.2}{ 7}{section.3}% 23
\BOOKMARK [2][-]{subsection.3.3}{ \265: }{section.3}% 24
\BOOKMARK [3][-]{subsubsection.3.3.1}{ 2 \337\265}{subsection.3.3}% 25
\BOOKMARK [3][-]{subsubsection.3.3.2}{ 3 \337\265}{subsection.3.3}% 26
\BOOKMARK [3][-]{subsubsection.3.3.3}{ 4 \337\265}{subsection.3.3}% 27
\BOOKMARK [2][-]{subsection.3.4}{ \265: }{section.3}% 28
\BOOKMARK [3][-]{subsubsection.3.4.1}{ 2 \337\265}{subsection.3.4}% 29
\BOOKMARK [3][-]{subsubsection.3.4.2}{ 3 \337\265}{subsection.3.4}% 30
\BOOKMARK [3][-]{subsubsection.3.4.3}{ 4 \337\265}{subsection.3.4}% 31
\BOOKMARK [2][-]{subsection.3.5}{\265}{section.3}% 32
